Arguments: 
  C:\Program Files\nodejs\node.exe C:\Users\Инна\AppData\Roaming\npm\node_modules\yarn\bin\yarn.js info --json typescript

PATH: 
  C:\Program Files (x86)\Borland\Delphi7\Bin;C:\Program Files (x86)\Borland\Delphi7\Projects\Bpl\;C:\Program Files (x86)\Common Files\Oracle\Java\javapath;C:\WINDOWS\system32;C:\WINDOWS;C:\WINDOWS\System32\Wbem;C:\WINDOWS\System32\WindowsPowerShell\v1.0\;C:\WINDOWS\System32\OpenSSH\;C:\Program Files (x86)\QuickTime\QTSystem\;D:\Games\command;C:\Program Files (x86)\Microchip\MPLAB C32 Suite\bin;D:\MPLAB\MPLAB C32 Suite\bin;C:\PROGRA~2\HI-TEC~1\PICC\PICC;C:\Program Files\NVIDIA Corporation\NVIDIA NvDLISR;C:\Program Files (x86)\NVIDIA Corporation\PhysX\Common;C:\Program Files\Git\cmd;C:\Program Files\nodejs\;C:\Users\Инна\AppData\Local\Microsoft\WindowsApps;C:\Users\Инна\AppData\Roaming\npm

Yarn version: 
  1.22.19

Node version: 
  18.13.0

Platform: 
  win32 x64

Trace: 
  SyntaxError: C:\Users\Инна\reakt2023\package.json: Unexpected token t in JSON at position 279
      at JSON.parse (<anonymous>)
      at C:\Users\Инна\AppData\Roaming\npm\node_modules\yarn\lib\cli.js:1629:59
      at Generator.next (<anonymous>)
      at step (C:\Users\Инна\AppData\Roaming\npm\node_modules\yarn\lib\cli.js:310:30)
      at C:\Users\Инна\AppData\Roaming\npm\node_modules\yarn\lib\cli.js:321:13

npm manifest: 
  {
    "name": "reakt2023",
    "version": "1.0.0",
    "main": "index.js",
    "scripts": {
      "test": "echo \"Error: no test specified\" && exit 1"
    },
    "repository": {
      "type": "git",
      "url": "git+https://github.com/Alifoxy/reakt2023projects.git"
    },
    "dependencies": {
      typesc
    },
    "keywords": [],
    "author": "",
    "license": "ISC",
    "bugs": {
      "url": "https://github.com/Alifoxy/reakt2023projects/issues"
    },
    "homepage": "https://github.com/Alifoxy/reakt2023projects#readme",
    "description": ""
  }

yarn manifest: 
  No manifest

Lockfile: 
  No lockfile
